

Started GET "/" for 50.24.135.66 at 2021-11-11 04:03:42 +0000


Started GET "/announcements" for 50.24.135.66 at 2021-11-11 04:03:43 +0000
Processing by AnnouncementsController#index as HTML
  [1m[36mAnnouncement Load (0.1ms)[0m  [1mSELECT "announcements".* FROM "announcements" WHERE "announcements"."rating" IN ('G', 'PG', 'PG-13', 'NC-17', 'R')[0m
  Rendered announcements/index.html.erb within layouts/application (15.9ms)
  Rendered layouts/_flash.erb (0.4ms)
Completed 200 OK in 539ms (Views: 514.5ms | ActiveRecord: 1.3ms)


Started GET "/" for 50.24.135.66 at 2021-11-11 04:23:23 +0000


Started GET "/announcements" for 50.24.135.66 at 2021-11-11 04:23:23 +0000
Processing by AnnouncementsController#index as HTML
  [1m[36mAnnouncement Load (0.1ms)[0m  [1mSELECT "announcements".* FROM "announcements" WHERE "announcements"."rating" IN ('G', 'PG', 'PG-13', 'NC-17', 'R')[0m
  Rendered announcements/index.html.erb within layouts/application (35.0ms)
Completed 500 Internal Server Error in 78ms (ActiveRecord: 2.2ms)

ActionView::Template::Error (undefined local variable or method `login_path' for #<#<Class:0x00007f83908ecef0>:0x00007f83908e5d58>):
     6: 
     7: <p align="right">
     8:   <%= link_to 'Post an announcement', new_announcement_path, :class => 'btn btn-primary pull-right' %>
     9:   <%= link_to 'Login', login_path, :class => 'btn btn-primary pull-right ' %>
    10:   <%= link_to 'Signup', new_user_path, :class => 'btn btn-primary pull-right ' %>
    11: </p>
    12: 
  app/views/announcements/index.html.erb:9:in `_app_views_announcements_index_html_erb__564674714449180555_70101521444560'


  Rendered /home/ec2-user/.rvm/gems/ruby-2.6.6/gems/actionpack-4.2.10/lib/action_dispatch/middleware/templates/rescues/_source.erb (3.0ms)
  Rendered /home/ec2-user/.rvm/gems/ruby-2.6.6/gems/actionpack-4.2.10/lib/action_dispatch/middleware/templates/rescues/_trace.html.erb (1.6ms)
  Rendered /home/ec2-user/.rvm/gems/ruby-2.6.6/gems/actionpack-4.2.10/lib/action_dispatch/middleware/templates/rescues/_request_and_response.html.erb (1.7ms)
  Rendered /home/ec2-user/.rvm/gems/ruby-2.6.6/gems/actionpack-4.2.10/lib/action_dispatch/middleware/templates/rescues/template_error.html.erb within rescues/layout (19.4ms)


Started GET "/announcements" for 50.24.135.66 at 2021-11-11 04:30:06 +0000
Processing by AnnouncementsController#index as HTML
  [1m[35mAnnouncement Load (0.1ms)[0m  SELECT "announcements".* FROM "announcements" WHERE "announcements"."rating" IN ('G', 'PG', 'PG-13', 'NC-17', 'R')
  Rendered announcements/index.html.erb within layouts/application (39.8ms)
Completed 500 Internal Server Error in 45ms (ActiveRecord: 0.6ms)

ActionView::Template::Error (undefined local variable or method `new_user_path' for #<#<Class:0x00007f8390dd11c8>:0x00007f8390dda138>):
     7: <p align="right">
     8:   <%= link_to 'Post an announcement', new_announcement_path, :class => 'btn btn-primary pull-right' %>
     9:   <%= link_to 'Login', login_path, :class => 'btn btn-primary pull-right ' %>
    10:   <%= link_to 'Signup', new_user_path, :class => 'btn btn-primary pull-right ' %>
    11: </p>
    12: 
    13: <h2>Announcement</h2>
  app/views/announcements/index.html.erb:10:in `_app_views_announcements_index_html_erb__564674714449180555_70101521444560'


  Rendered /home/ec2-user/.rvm/gems/ruby-2.6.6/gems/actionpack-4.2.10/lib/action_dispatch/middleware/templates/rescues/_source.erb (3.2ms)
  Rendered /home/ec2-user/.rvm/gems/ruby-2.6.6/gems/actionpack-4.2.10/lib/action_dispatch/middleware/templates/rescues/_trace.html.erb (9.8ms)
  Rendered /home/ec2-user/.rvm/gems/ruby-2.6.6/gems/actionpack-4.2.10/lib/action_dispatch/middleware/templates/rescues/_request_and_response.html.erb (0.6ms)
  Rendered /home/ec2-user/.rvm/gems/ruby-2.6.6/gems/actionpack-4.2.10/lib/action_dispatch/middleware/templates/rescues/template_error.html.erb within rescues/layout (20.0ms)


Started GET "/announcements" for 50.24.135.66 at 2021-11-11 04:31:34 +0000
Processing by AnnouncementsController#index as HTML
  [1m[36mAnnouncement Load (0.2ms)[0m  [1mSELECT "announcements".* FROM "announcements" WHERE "announcements"."rating" IN ('G', 'PG', 'PG-13', 'NC-17', 'R')[0m
  Rendered announcements/index.html.erb within layouts/application (8.9ms)
  Rendered layouts/_flash.erb (0.4ms)
Completed 200 OK in 278ms (Views: 276.9ms | ActiveRecord: 0.2ms)


Started GET "/login" for 50.24.135.66 at 2021-11-11 04:31:38 +0000

ActionController::RoutingError (uninitialized constant SessioinController):
  activesupport (4.2.10) lib/active_support/inflector/methods.rb:261:in `const_get'
  activesupport (4.2.10) lib/active_support/inflector/methods.rb:261:in `block in constantize'
  activesupport (4.2.10) lib/active_support/inflector/methods.rb:259:in `each'
  activesupport (4.2.10) lib/active_support/inflector/methods.rb:259:in `inject'
  activesupport (4.2.10) lib/active_support/inflector/methods.rb:259:in `constantize'
  actionpack (4.2.10) lib/action_dispatch/routing/route_set.rb:70:in `controller_reference'
  actionpack (4.2.10) lib/action_dispatch/routing/route_set.rb:60:in `controller'
  actionpack (4.2.10) lib/action_dispatch/routing/route_set.rb:39:in `serve'
  actionpack (4.2.10) lib/action_dispatch/journey/router.rb:43:in `block in serve'
  actionpack (4.2.10) lib/action_dispatch/journey/router.rb:30:in `each'
  actionpack (4.2.10) lib/action_dispatch/journey/router.rb:30:in `serve'
  actionpack (4.2.10) lib/action_dispatch/routing/route_set.rb:817:in `call'
  rack (1.6.10) lib/rack/etag.rb:24:in `call'
  rack (1.6.10) lib/rack/conditionalget.rb:25:in `call'
  rack (1.6.10) lib/rack/head.rb:13:in `call'
  actionpack (4.2.10) lib/action_dispatch/middleware/params_parser.rb:27:in `call'
  actionpack (4.2.10) lib/action_dispatch/middleware/flash.rb:260:in `call'
  rack (1.6.10) lib/rack/session/abstract/id.rb:225:in `context'
  rack (1.6.10) lib/rack/session/abstract/id.rb:220:in `call'
  actionpack (4.2.10) lib/action_dispatch/middleware/cookies.rb:560:in `call'
  activerecord (4.2.10) lib/active_record/query_cache.rb:36:in `call'
  activerecord (4.2.10) lib/active_record/connection_adapters/abstract/connection_pool.rb:653:in `call'
  actionpack (4.2.10) lib/action_dispatch/middleware/callbacks.rb:29:in `block in call'
  activesupport (4.2.10) lib/active_support/callbacks.rb:88:in `__run_callbacks__'
  activesupport (4.2.10) lib/active_support/callbacks.rb:778:in `_run_call_callbacks'
  activesupport (4.2.10) lib/active_support/callbacks.rb:81:in `run_callbacks'
  actionpack (4.2.10) lib/action_dispatch/middleware/callbacks.rb:27:in `call'
  actionpack (4.2.10) lib/action_dispatch/middleware/reloader.rb:73:in `call'
  actionpack (4.2.10) lib/action_dispatch/middleware/remote_ip.rb:78:in `call'
  actionpack (4.2.10) lib/action_dispatch/middleware/debug_exceptions.rb:17:in `call'
  actionpack (4.2.10) lib/action_dispatch/middleware/show_exceptions.rb:30:in `call'
  railties (4.2.10) lib/rails/rack/logger.rb:38:in `call_app'
  railties (4.2.10) lib/rails/rack/logger.rb:20:in `block in call'
  activesupport (4.2.10) lib/active_support/tagged_logging.rb:68:in `block in tagged'
  activesupport (4.2.10) lib/active_support/tagged_logging.rb:26:in `tagged'
  activesupport (4.2.10) lib/active_support/tagged_logging.rb:68:in `tagged'
  railties (4.2.10) lib/rails/rack/logger.rb:20:in `call'
  actionpack (4.2.10) lib/action_dispatch/middleware/request_id.rb:21:in `call'
  rack (1.6.10) lib/rack/methodoverride.rb:22:in `call'
  rack (1.6.10) lib/rack/runtime.rb:18:in `call'
  activesupport (4.2.10) lib/active_support/cache/strategy/local_cache_middleware.rb:28:in `call'
  rack (1.6.10) lib/rack/lock.rb:17:in `call'
  actionpack (4.2.10) lib/action_dispatch/middleware/static.rb:120:in `call'
  rack (1.6.10) lib/rack/sendfile.rb:113:in `call'
  railties (4.2.10) lib/rails/engine.rb:518:in `call'
  railties (4.2.10) lib/rails/application.rb:165:in `call'
  rack (1.6.10) lib/rack/lock.rb:17:in `call'
  rack (1.6.10) lib/rack/content_length.rb:15:in `call'
  rack (1.6.10) lib/rack/handler/webrick.rb:88:in `service'
  /home/ec2-user/.rvm/rubies/ruby-2.6.6/lib/ruby/2.6.0/webrick/httpserver.rb:140:in `service'
  /home/ec2-user/.rvm/rubies/ruby-2.6.6/lib/ruby/2.6.0/webrick/httpserver.rb:96:in `run'
  /home/ec2-user/.rvm/rubies/ruby-2.6.6/lib/ruby/2.6.0/webrick/server.rb:307:in `block in start_thread'


  Rendered /home/ec2-user/.rvm/gems/ruby-2.6.6/gems/actionpack-4.2.10/lib/action_dispatch/middleware/templates/rescues/_trace.html.erb (1.1ms)
  Rendered /home/ec2-user/.rvm/gems/ruby-2.6.6/gems/actionpack-4.2.10/lib/action_dispatch/middleware/templates/routes/_route.html.erb (0.6ms)
  Rendered /home/ec2-user/.rvm/gems/ruby-2.6.6/gems/actionpack-4.2.10/lib/action_dispatch/middleware/templates/routes/_table.html.erb (2.1ms)
  Rendered /home/ec2-user/.rvm/gems/ruby-2.6.6/gems/actionpack-4.2.10/lib/action_dispatch/middleware/templates/rescues/_request_and_response.html.erb (0.9ms)
  Rendered /home/ec2-user/.rvm/gems/ruby-2.6.6/gems/actionpack-4.2.10/lib/action_dispatch/middleware/templates/rescues/routing_error.html.erb within rescues/layout (15.7ms)


Started GET "/signup" for 50.24.135.66 at 2021-11-11 04:31:42 +0000
Processing by SignupController#new as HTML
  Rendered signup/new.html.erb within layouts/application (6.1ms)
  Rendered layouts/_flash.erb (0.0ms)
Completed 200 OK in 31ms (Views: 18.5ms | ActiveRecord: 0.2ms)


Started GET "/login" for 50.24.135.66 at 2021-11-11 04:32:36 +0000

ActionController::RoutingError (uninitialized constant SessioinController):
  activesupport (4.2.10) lib/active_support/inflector/methods.rb:261:in `const_get'
  activesupport (4.2.10) lib/active_support/inflector/methods.rb:261:in `block in constantize'
  activesupport (4.2.10) lib/active_support/inflector/methods.rb:259:in `each'
  activesupport (4.2.10) lib/active_support/inflector/methods.rb:259:in `inject'
  activesupport (4.2.10) lib/active_support/inflector/methods.rb:259:in `constantize'
  actionpack (4.2.10) lib/action_dispatch/routing/route_set.rb:70:in `controller_reference'
  actionpack (4.2.10) lib/action_dispatch/routing/route_set.rb:60:in `controller'
  actionpack (4.2.10) lib/action_dispatch/routing/route_set.rb:39:in `serve'
  actionpack (4.2.10) lib/action_dispatch/journey/router.rb:43:in `block in serve'
  actionpack (4.2.10) lib/action_dispatch/journey/router.rb:30:in `each'
  actionpack (4.2.10) lib/action_dispatch/journey/router.rb:30:in `serve'
  actionpack (4.2.10) lib/action_dispatch/routing/route_set.rb:817:in `call'
  rack (1.6.10) lib/rack/etag.rb:24:in `call'
  rack (1.6.10) lib/rack/conditionalget.rb:25:in `call'
  rack (1.6.10) lib/rack/head.rb:13:in `call'
  actionpack (4.2.10) lib/action_dispatch/middleware/params_parser.rb:27:in `call'
  actionpack (4.2.10) lib/action_dispatch/middleware/flash.rb:260:in `call'
  rack (1.6.10) lib/rack/session/abstract/id.rb:225:in `context'
  rack (1.6.10) lib/rack/session/abstract/id.rb:220:in `call'
  actionpack (4.2.10) lib/action_dispatch/middleware/cookies.rb:560:in `call'
  activerecord (4.2.10) lib/active_record/query_cache.rb:36:in `call'
  activerecord (4.2.10) lib/active_record/connection_adapters/abstract/connection_pool.rb:653:in `call'
  actionpack (4.2.10) lib/action_dispatch/middleware/callbacks.rb:29:in `block in call'
  activesupport (4.2.10) lib/active_support/callbacks.rb:88:in `__run_callbacks__'
  activesupport (4.2.10) lib/active_support/callbacks.rb:778:in `_run_call_callbacks'
  activesupport (4.2.10) lib/active_support/callbacks.rb:81:in `run_callbacks'
  actionpack (4.2.10) lib/action_dispatch/middleware/callbacks.rb:27:in `call'
  actionpack (4.2.10) lib/action_dispatch/middleware/reloader.rb:73:in `call'
  actionpack (4.2.10) lib/action_dispatch/middleware/remote_ip.rb:78:in `call'
  actionpack (4.2.10) lib/action_dispatch/middleware/debug_exceptions.rb:17:in `call'
  actionpack (4.2.10) lib/action_dispatch/middleware/show_exceptions.rb:30:in `call'
  railties (4.2.10) lib/rails/rack/logger.rb:38:in `call_app'
  railties (4.2.10) lib/rails/rack/logger.rb:20:in `block in call'
  activesupport (4.2.10) lib/active_support/tagged_logging.rb:68:in `block in tagged'
  activesupport (4.2.10) lib/active_support/tagged_logging.rb:26:in `tagged'
  activesupport (4.2.10) lib/active_support/tagged_logging.rb:68:in `tagged'
  railties (4.2.10) lib/rails/rack/logger.rb:20:in `call'
  actionpack (4.2.10) lib/action_dispatch/middleware/request_id.rb:21:in `call'
  rack (1.6.10) lib/rack/methodoverride.rb:22:in `call'
  rack (1.6.10) lib/rack/runtime.rb:18:in `call'
  activesupport (4.2.10) lib/active_support/cache/strategy/local_cache_middleware.rb:28:in `call'
  rack (1.6.10) lib/rack/lock.rb:17:in `call'
  actionpack (4.2.10) lib/action_dispatch/middleware/static.rb:120:in `call'
  rack (1.6.10) lib/rack/sendfile.rb:113:in `call'
  railties (4.2.10) lib/rails/engine.rb:518:in `call'
  railties (4.2.10) lib/rails/application.rb:165:in `call'
  rack (1.6.10) lib/rack/lock.rb:17:in `call'
  rack (1.6.10) lib/rack/content_length.rb:15:in `call'
  rack (1.6.10) lib/rack/handler/webrick.rb:88:in `service'
  /home/ec2-user/.rvm/rubies/ruby-2.6.6/lib/ruby/2.6.0/webrick/httpserver.rb:140:in `service'
  /home/ec2-user/.rvm/rubies/ruby-2.6.6/lib/ruby/2.6.0/webrick/httpserver.rb:96:in `run'
  /home/ec2-user/.rvm/rubies/ruby-2.6.6/lib/ruby/2.6.0/webrick/server.rb:307:in `block in start_thread'


  Rendered /home/ec2-user/.rvm/gems/ruby-2.6.6/gems/actionpack-4.2.10/lib/action_dispatch/middleware/templates/rescues/_trace.html.erb (1.2ms)
  Rendered /home/ec2-user/.rvm/gems/ruby-2.6.6/gems/actionpack-4.2.10/lib/action_dispatch/middleware/templates/routes/_route.html.erb (0.6ms)
  Rendered /home/ec2-user/.rvm/gems/ruby-2.6.6/gems/actionpack-4.2.10/lib/action_dispatch/middleware/templates/routes/_table.html.erb (0.7ms)
  Rendered /home/ec2-user/.rvm/gems/ruby-2.6.6/gems/actionpack-4.2.10/lib/action_dispatch/middleware/templates/rescues/_request_and_response.html.erb (0.9ms)
  Rendered /home/ec2-user/.rvm/gems/ruby-2.6.6/gems/actionpack-4.2.10/lib/action_dispatch/middleware/templates/rescues/routing_error.html.erb within rescues/layout (11.9ms)


Started GET "/login" for 50.24.135.66 at 2021-11-11 04:33:35 +0000

ActionController::RoutingError (uninitialized constant SessioinController):
  activesupport (4.2.10) lib/active_support/inflector/methods.rb:261:in `const_get'
  activesupport (4.2.10) lib/active_support/inflector/methods.rb:261:in `block in constantize'
  activesupport (4.2.10) lib/active_support/inflector/methods.rb:259:in `each'
  activesupport (4.2.10) lib/active_support/inflector/methods.rb:259:in `inject'
  activesupport (4.2.10) lib/active_support/inflector/methods.rb:259:in `constantize'
  actionpack (4.2.10) lib/action_dispatch/routing/route_set.rb:70:in `controller_reference'
  actionpack (4.2.10) lib/action_dispatch/routing/route_set.rb:60:in `controller'
  actionpack (4.2.10) lib/action_dispatch/routing/route_set.rb:39:in `serve'
  actionpack (4.2.10) lib/action_dispatch/journey/router.rb:43:in `block in serve'
  actionpack (4.2.10) lib/action_dispatch/journey/router.rb:30:in `each'
  actionpack (4.2.10) lib/action_dispatch/journey/router.rb:30:in `serve'
  actionpack (4.2.10) lib/action_dispatch/routing/route_set.rb:817:in `call'
  rack (1.6.10) lib/rack/etag.rb:24:in `call'
  rack (1.6.10) lib/rack/conditionalget.rb:25:in `call'
  rack (1.6.10) lib/rack/head.rb:13:in `call'
  actionpack (4.2.10) lib/action_dispatch/middleware/params_parser.rb:27:in `call'
  actionpack (4.2.10) lib/action_dispatch/middleware/flash.rb:260:in `call'
  rack (1.6.10) lib/rack/session/abstract/id.rb:225:in `context'
  rack (1.6.10) lib/rack/session/abstract/id.rb:220:in `call'
  actionpack (4.2.10) lib/action_dispatch/middleware/cookies.rb:560:in `call'
  activerecord (4.2.10) lib/active_record/query_cache.rb:36:in `call'
  activerecord (4.2.10) lib/active_record/connection_adapters/abstract/connection_pool.rb:653:in `call'
  actionpack (4.2.10) lib/action_dispatch/middleware/callbacks.rb:29:in `block in call'
  activesupport (4.2.10) lib/active_support/callbacks.rb:88:in `__run_callbacks__'
  activesupport (4.2.10) lib/active_support/callbacks.rb:778:in `_run_call_callbacks'
  activesupport (4.2.10) lib/active_support/callbacks.rb:81:in `run_callbacks'
  actionpack (4.2.10) lib/action_dispatch/middleware/callbacks.rb:27:in `call'
  actionpack (4.2.10) lib/action_dispatch/middleware/reloader.rb:73:in `call'
  actionpack (4.2.10) lib/action_dispatch/middleware/remote_ip.rb:78:in `call'
  actionpack (4.2.10) lib/action_dispatch/middleware/debug_exceptions.rb:17:in `call'
  actionpack (4.2.10) lib/action_dispatch/middleware/show_exceptions.rb:30:in `call'
  railties (4.2.10) lib/rails/rack/logger.rb:38:in `call_app'
  railties (4.2.10) lib/rails/rack/logger.rb:20:in `block in call'
  activesupport (4.2.10) lib/active_support/tagged_logging.rb:68:in `block in tagged'
  activesupport (4.2.10) lib/active_support/tagged_logging.rb:26:in `tagged'
  activesupport (4.2.10) lib/active_support/tagged_logging.rb:68:in `tagged'
  railties (4.2.10) lib/rails/rack/logger.rb:20:in `call'
  actionpack (4.2.10) lib/action_dispatch/middleware/request_id.rb:21:in `call'
  rack (1.6.10) lib/rack/methodoverride.rb:22:in `call'
  rack (1.6.10) lib/rack/runtime.rb:18:in `call'
  activesupport (4.2.10) lib/active_support/cache/strategy/local_cache_middleware.rb:28:in `call'
  rack (1.6.10) lib/rack/lock.rb:17:in `call'
  actionpack (4.2.10) lib/action_dispatch/middleware/static.rb:120:in `call'
  rack (1.6.10) lib/rack/sendfile.rb:113:in `call'
  railties (4.2.10) lib/rails/engine.rb:518:in `call'
  railties (4.2.10) lib/rails/application.rb:165:in `call'
  rack (1.6.10) lib/rack/lock.rb:17:in `call'
  rack (1.6.10) lib/rack/content_length.rb:15:in `call'
  rack (1.6.10) lib/rack/handler/webrick.rb:88:in `service'
  /home/ec2-user/.rvm/rubies/ruby-2.6.6/lib/ruby/2.6.0/webrick/httpserver.rb:140:in `service'
  /home/ec2-user/.rvm/rubies/ruby-2.6.6/lib/ruby/2.6.0/webrick/httpserver.rb:96:in `run'
  /home/ec2-user/.rvm/rubies/ruby-2.6.6/lib/ruby/2.6.0/webrick/server.rb:307:in `block in start_thread'


  Rendered /home/ec2-user/.rvm/gems/ruby-2.6.6/gems/actionpack-4.2.10/lib/action_dispatch/middleware/templates/rescues/_trace.html.erb (1.3ms)
  Rendered /home/ec2-user/.rvm/gems/ruby-2.6.6/gems/actionpack-4.2.10/lib/action_dispatch/middleware/templates/routes/_route.html.erb (0.6ms)
  Rendered /home/ec2-user/.rvm/gems/ruby-2.6.6/gems/actionpack-4.2.10/lib/action_dispatch/middleware/templates/routes/_table.html.erb (0.8ms)
  Rendered /home/ec2-user/.rvm/gems/ruby-2.6.6/gems/actionpack-4.2.10/lib/action_dispatch/middleware/templates/rescues/_request_and_response.html.erb (0.9ms)
  Rendered /home/ec2-user/.rvm/gems/ruby-2.6.6/gems/actionpack-4.2.10/lib/action_dispatch/middleware/templates/rescues/routing_error.html.erb within rescues/layout (13.8ms)


Started GET "/login" for 50.24.135.66 at 2021-11-11 04:37:58 +0000

ActionController::RoutingError (uninitialized constant SessioinController):
  activesupport (4.2.10) lib/active_support/inflector/methods.rb:261:in `const_get'
  activesupport (4.2.10) lib/active_support/inflector/methods.rb:261:in `block in constantize'
  activesupport (4.2.10) lib/active_support/inflector/methods.rb:259:in `each'
  activesupport (4.2.10) lib/active_support/inflector/methods.rb:259:in `inject'
  activesupport (4.2.10) lib/active_support/inflector/methods.rb:259:in `constantize'
  actionpack (4.2.10) lib/action_dispatch/routing/route_set.rb:70:in `controller_reference'
  actionpack (4.2.10) lib/action_dispatch/routing/route_set.rb:60:in `controller'
  actionpack (4.2.10) lib/action_dispatch/routing/route_set.rb:39:in `serve'
  actionpack (4.2.10) lib/action_dispatch/journey/router.rb:43:in `block in serve'
  actionpack (4.2.10) lib/action_dispatch/journey/router.rb:30:in `each'
  actionpack (4.2.10) lib/action_dispatch/journey/router.rb:30:in `serve'
  actionpack (4.2.10) lib/action_dispatch/routing/route_set.rb:817:in `call'
  rack (1.6.10) lib/rack/etag.rb:24:in `call'
  rack (1.6.10) lib/rack/conditionalget.rb:25:in `call'
  rack (1.6.10) lib/rack/head.rb:13:in `call'
  actionpack (4.2.10) lib/action_dispatch/middleware/params_parser.rb:27:in `call'
  actionpack (4.2.10) lib/action_dispatch/middleware/flash.rb:260:in `call'
  rack (1.6.10) lib/rack/session/abstract/id.rb:225:in `context'
  rack (1.6.10) lib/rack/session/abstract/id.rb:220:in `call'
  actionpack (4.2.10) lib/action_dispatch/middleware/cookies.rb:560:in `call'
  activerecord (4.2.10) lib/active_record/query_cache.rb:36:in `call'
  activerecord (4.2.10) lib/active_record/connection_adapters/abstract/connection_pool.rb:653:in `call'
  actionpack (4.2.10) lib/action_dispatch/middleware/callbacks.rb:29:in `block in call'
  activesupport (4.2.10) lib/active_support/callbacks.rb:88:in `__run_callbacks__'
  activesupport (4.2.10) lib/active_support/callbacks.rb:778:in `_run_call_callbacks'
  activesupport (4.2.10) lib/active_support/callbacks.rb:81:in `run_callbacks'
  actionpack (4.2.10) lib/action_dispatch/middleware/callbacks.rb:27:in `call'
  actionpack (4.2.10) lib/action_dispatch/middleware/reloader.rb:73:in `call'
  actionpack (4.2.10) lib/action_dispatch/middleware/remote_ip.rb:78:in `call'
  actionpack (4.2.10) lib/action_dispatch/middleware/debug_exceptions.rb:17:in `call'
  actionpack (4.2.10) lib/action_dispatch/middleware/show_exceptions.rb:30:in `call'
  railties (4.2.10) lib/rails/rack/logger.rb:38:in `call_app'
  railties (4.2.10) lib/rails/rack/logger.rb:20:in `block in call'
  activesupport (4.2.10) lib/active_support/tagged_logging.rb:68:in `block in tagged'
  activesupport (4.2.10) lib/active_support/tagged_logging.rb:26:in `tagged'
  activesupport (4.2.10) lib/active_support/tagged_logging.rb:68:in `tagged'
  railties (4.2.10) lib/rails/rack/logger.rb:20:in `call'
  actionpack (4.2.10) lib/action_dispatch/middleware/request_id.rb:21:in `call'
  rack (1.6.10) lib/rack/methodoverride.rb:22:in `call'
  rack (1.6.10) lib/rack/runtime.rb:18:in `call'
  activesupport (4.2.10) lib/active_support/cache/strategy/local_cache_middleware.rb:28:in `call'
  rack (1.6.10) lib/rack/lock.rb:17:in `call'
  actionpack (4.2.10) lib/action_dispatch/middleware/static.rb:120:in `call'
  rack (1.6.10) lib/rack/sendfile.rb:113:in `call'
  railties (4.2.10) lib/rails/engine.rb:518:in `call'
  railties (4.2.10) lib/rails/application.rb:165:in `call'
  rack (1.6.10) lib/rack/lock.rb:17:in `call'
  rack (1.6.10) lib/rack/content_length.rb:15:in `call'
  rack (1.6.10) lib/rack/handler/webrick.rb:88:in `service'
  /home/ec2-user/.rvm/rubies/ruby-2.6.6/lib/ruby/2.6.0/webrick/httpserver.rb:140:in `service'
  /home/ec2-user/.rvm/rubies/ruby-2.6.6/lib/ruby/2.6.0/webrick/httpserver.rb:96:in `run'
  /home/ec2-user/.rvm/rubies/ruby-2.6.6/lib/ruby/2.6.0/webrick/server.rb:307:in `block in start_thread'


  Rendered /home/ec2-user/.rvm/gems/ruby-2.6.6/gems/actionpack-4.2.10/lib/action_dispatch/middleware/templates/rescues/_trace.html.erb (1.1ms)
  Rendered /home/ec2-user/.rvm/gems/ruby-2.6.6/gems/actionpack-4.2.10/lib/action_dispatch/middleware/templates/routes/_route.html.erb (0.6ms)
  Rendered /home/ec2-user/.rvm/gems/ruby-2.6.6/gems/actionpack-4.2.10/lib/action_dispatch/middleware/templates/routes/_table.html.erb (0.8ms)
  Rendered /home/ec2-user/.rvm/gems/ruby-2.6.6/gems/actionpack-4.2.10/lib/action_dispatch/middleware/templates/rescues/_request_and_response.html.erb (0.8ms)
  Rendered /home/ec2-user/.rvm/gems/ruby-2.6.6/gems/actionpack-4.2.10/lib/action_dispatch/middleware/templates/rescues/routing_error.html.erb within rescues/layout (12.2ms)


Started GET "/login" for 50.24.135.66 at 2021-11-11 04:38:01 +0000

ActionController::RoutingError (uninitialized constant SessioinController):
  activesupport (4.2.10) lib/active_support/inflector/methods.rb:261:in `const_get'
  activesupport (4.2.10) lib/active_support/inflector/methods.rb:261:in `block in constantize'
  activesupport (4.2.10) lib/active_support/inflector/methods.rb:259:in `each'
  activesupport (4.2.10) lib/active_support/inflector/methods.rb:259:in `inject'
  activesupport (4.2.10) lib/active_support/inflector/methods.rb:259:in `constantize'
  actionpack (4.2.10) lib/action_dispatch/routing/route_set.rb:70:in `controller_reference'
  actionpack (4.2.10) lib/action_dispatch/routing/route_set.rb:60:in `controller'
  actionpack (4.2.10) lib/action_dispatch/routing/route_set.rb:39:in `serve'
  actionpack (4.2.10) lib/action_dispatch/journey/router.rb:43:in `block in serve'
  actionpack (4.2.10) lib/action_dispatch/journey/router.rb:30:in `each'
  actionpack (4.2.10) lib/action_dispatch/journey/router.rb:30:in `serve'
  actionpack (4.2.10) lib/action_dispatch/routing/route_set.rb:817:in `call'
  rack (1.6.10) lib/rack/etag.rb:24:in `call'
  rack (1.6.10) lib/rack/conditionalget.rb:25:in `call'
  rack (1.6.10) lib/rack/head.rb:13:in `call'
  actionpack (4.2.10) lib/action_dispatch/middleware/params_parser.rb:27:in `call'
  actionpack (4.2.10) lib/action_dispatch/middleware/flash.rb:260:in `call'
  rack (1.6.10) lib/rack/session/abstract/id.rb:225:in `context'
  rack (1.6.10) lib/rack/session/abstract/id.rb:220:in `call'
  actionpack (4.2.10) lib/action_dispatch/middleware/cookies.rb:560:in `call'
  activerecord (4.2.10) lib/active_record/query_cache.rb:36:in `call'
  activerecord (4.2.10) lib/active_record/connection_adapters/abstract/connection_pool.rb:653:in `call'
  actionpack (4.2.10) lib/action_dispatch/middleware/callbacks.rb:29:in `block in call'
  activesupport (4.2.10) lib/active_support/callbacks.rb:88:in `__run_callbacks__'
  activesupport (4.2.10) lib/active_support/callbacks.rb:778:in `_run_call_callbacks'
  activesupport (4.2.10) lib/active_support/callbacks.rb:81:in `run_callbacks'
  actionpack (4.2.10) lib/action_dispatch/middleware/callbacks.rb:27:in `call'
  actionpack (4.2.10) lib/action_dispatch/middleware/reloader.rb:73:in `call'
  actionpack (4.2.10) lib/action_dispatch/middleware/remote_ip.rb:78:in `call'
  actionpack (4.2.10) lib/action_dispatch/middleware/debug_exceptions.rb:17:in `call'
  actionpack (4.2.10) lib/action_dispatch/middleware/show_exceptions.rb:30:in `call'
  railties (4.2.10) lib/rails/rack/logger.rb:38:in `call_app'
  railties (4.2.10) lib/rails/rack/logger.rb:20:in `block in call'
  activesupport (4.2.10) lib/active_support/tagged_logging.rb:68:in `block in tagged'
  activesupport (4.2.10) lib/active_support/tagged_logging.rb:26:in `tagged'
  activesupport (4.2.10) lib/active_support/tagged_logging.rb:68:in `tagged'
  railties (4.2.10) lib/rails/rack/logger.rb:20:in `call'
  actionpack (4.2.10) lib/action_dispatch/middleware/request_id.rb:21:in `call'
  rack (1.6.10) lib/rack/methodoverride.rb:22:in `call'
  rack (1.6.10) lib/rack/runtime.rb:18:in `call'
  activesupport (4.2.10) lib/active_support/cache/strategy/local_cache_middleware.rb:28:in `call'
  rack (1.6.10) lib/rack/lock.rb:17:in `call'
  actionpack (4.2.10) lib/action_dispatch/middleware/static.rb:120:in `call'
  rack (1.6.10) lib/rack/sendfile.rb:113:in `call'
  railties (4.2.10) lib/rails/engine.rb:518:in `call'
  railties (4.2.10) lib/rails/application.rb:165:in `call'
  rack (1.6.10) lib/rack/lock.rb:17:in `call'
  rack (1.6.10) lib/rack/content_length.rb:15:in `call'
  rack (1.6.10) lib/rack/handler/webrick.rb:88:in `service'
  /home/ec2-user/.rvm/rubies/ruby-2.6.6/lib/ruby/2.6.0/webrick/httpserver.rb:140:in `service'
  /home/ec2-user/.rvm/rubies/ruby-2.6.6/lib/ruby/2.6.0/webrick/httpserver.rb:96:in `run'
  /home/ec2-user/.rvm/rubies/ruby-2.6.6/lib/ruby/2.6.0/webrick/server.rb:307:in `block in start_thread'


  Rendered /home/ec2-user/.rvm/gems/ruby-2.6.6/gems/actionpack-4.2.10/lib/action_dispatch/middleware/templates/rescues/_trace.html.erb (1.3ms)
  Rendered /home/ec2-user/.rvm/gems/ruby-2.6.6/gems/actionpack-4.2.10/lib/action_dispatch/middleware/templates/routes/_route.html.erb (0.6ms)
  Rendered /home/ec2-user/.rvm/gems/ruby-2.6.6/gems/actionpack-4.2.10/lib/action_dispatch/middleware/templates/routes/_table.html.erb (0.8ms)
  Rendered /home/ec2-user/.rvm/gems/ruby-2.6.6/gems/actionpack-4.2.10/lib/action_dispatch/middleware/templates/rescues/_request_and_response.html.erb (0.9ms)
  Rendered /home/ec2-user/.rvm/gems/ruby-2.6.6/gems/actionpack-4.2.10/lib/action_dispatch/middleware/templates/rescues/routing_error.html.erb within rescues/layout (12.1ms)


Started GET "/login" for 50.24.135.66 at 2021-11-11 04:39:19 +0000

ActionController::RoutingError (uninitialized constant SessioinsController):
  activesupport (4.2.10) lib/active_support/inflector/methods.rb:261:in `const_get'
  activesupport (4.2.10) lib/active_support/inflector/methods.rb:261:in `block in constantize'
  activesupport (4.2.10) lib/active_support/inflector/methods.rb:259:in `each'
  activesupport (4.2.10) lib/active_support/inflector/methods.rb:259:in `inject'
  activesupport (4.2.10) lib/active_support/inflector/methods.rb:259:in `constantize'
  actionpack (4.2.10) lib/action_dispatch/routing/route_set.rb:70:in `controller_reference'
  actionpack (4.2.10) lib/action_dispatch/routing/route_set.rb:60:in `controller'
  actionpack (4.2.10) lib/action_dispatch/routing/route_set.rb:39:in `serve'
  actionpack (4.2.10) lib/action_dispatch/journey/router.rb:43:in `block in serve'
  actionpack (4.2.10) lib/action_dispatch/journey/router.rb:30:in `each'
  actionpack (4.2.10) lib/action_dispatch/journey/router.rb:30:in `serve'
  actionpack (4.2.10) lib/action_dispatch/routing/route_set.rb:817:in `call'
  rack (1.6.10) lib/rack/etag.rb:24:in `call'
  rack (1.6.10) lib/rack/conditionalget.rb:25:in `call'
  rack (1.6.10) lib/rack/head.rb:13:in `call'
  actionpack (4.2.10) lib/action_dispatch/middleware/params_parser.rb:27:in `call'
  actionpack (4.2.10) lib/action_dispatch/middleware/flash.rb:260:in `call'
  rack (1.6.10) lib/rack/session/abstract/id.rb:225:in `context'
  rack (1.6.10) lib/rack/session/abstract/id.rb:220:in `call'
  actionpack (4.2.10) lib/action_dispatch/middleware/cookies.rb:560:in `call'
  activerecord (4.2.10) lib/active_record/query_cache.rb:36:in `call'
  activerecord (4.2.10) lib/active_record/connection_adapters/abstract/connection_pool.rb:653:in `call'
  actionpack (4.2.10) lib/action_dispatch/middleware/callbacks.rb:29:in `block in call'
  activesupport (4.2.10) lib/active_support/callbacks.rb:88:in `__run_callbacks__'
  activesupport (4.2.10) lib/active_support/callbacks.rb:778:in `_run_call_callbacks'
  activesupport (4.2.10) lib/active_support/callbacks.rb:81:in `run_callbacks'
  actionpack (4.2.10) lib/action_dispatch/middleware/callbacks.rb:27:in `call'
  actionpack (4.2.10) lib/action_dispatch/middleware/reloader.rb:73:in `call'
  actionpack (4.2.10) lib/action_dispatch/middleware/remote_ip.rb:78:in `call'
  actionpack (4.2.10) lib/action_dispatch/middleware/debug_exceptions.rb:17:in `call'
  actionpack (4.2.10) lib/action_dispatch/middleware/show_exceptions.rb:30:in `call'
  railties (4.2.10) lib/rails/rack/logger.rb:38:in `call_app'
  railties (4.2.10) lib/rails/rack/logger.rb:20:in `block in call'
  activesupport (4.2.10) lib/active_support/tagged_logging.rb:68:in `block in tagged'
  activesupport (4.2.10) lib/active_support/tagged_logging.rb:26:in `tagged'
  activesupport (4.2.10) lib/active_support/tagged_logging.rb:68:in `tagged'
  railties (4.2.10) lib/rails/rack/logger.rb:20:in `call'
  actionpack (4.2.10) lib/action_dispatch/middleware/request_id.rb:21:in `call'
  rack (1.6.10) lib/rack/methodoverride.rb:22:in `call'
  rack (1.6.10) lib/rack/runtime.rb:18:in `call'
  activesupport (4.2.10) lib/active_support/cache/strategy/local_cache_middleware.rb:28:in `call'
  rack (1.6.10) lib/rack/lock.rb:17:in `call'
  actionpack (4.2.10) lib/action_dispatch/middleware/static.rb:120:in `call'
  rack (1.6.10) lib/rack/sendfile.rb:113:in `call'
  railties (4.2.10) lib/rails/engine.rb:518:in `call'
  railties (4.2.10) lib/rails/application.rb:165:in `call'
  rack (1.6.10) lib/rack/lock.rb:17:in `call'
  rack (1.6.10) lib/rack/content_length.rb:15:in `call'
  rack (1.6.10) lib/rack/handler/webrick.rb:88:in `service'
  /home/ec2-user/.rvm/rubies/ruby-2.6.6/lib/ruby/2.6.0/webrick/httpserver.rb:140:in `service'
  /home/ec2-user/.rvm/rubies/ruby-2.6.6/lib/ruby/2.6.0/webrick/httpserver.rb:96:in `run'
  /home/ec2-user/.rvm/rubies/ruby-2.6.6/lib/ruby/2.6.0/webrick/server.rb:307:in `block in start_thread'


  Rendered /home/ec2-user/.rvm/gems/ruby-2.6.6/gems/actionpack-4.2.10/lib/action_dispatch/middleware/templates/rescues/_trace.html.erb (1.1ms)
  Rendered /home/ec2-user/.rvm/gems/ruby-2.6.6/gems/actionpack-4.2.10/lib/action_dispatch/middleware/templates/routes/_route.html.erb (0.6ms)
  Rendered /home/ec2-user/.rvm/gems/ruby-2.6.6/gems/actionpack-4.2.10/lib/action_dispatch/middleware/templates/routes/_table.html.erb (0.8ms)
  Rendered /home/ec2-user/.rvm/gems/ruby-2.6.6/gems/actionpack-4.2.10/lib/action_dispatch/middleware/templates/rescues/_request_and_response.html.erb (0.9ms)
  Rendered /home/ec2-user/.rvm/gems/ruby-2.6.6/gems/actionpack-4.2.10/lib/action_dispatch/middleware/templates/rescues/routing_error.html.erb within rescues/layout (12.1ms)


Started GET "/login" for 50.24.135.66 at 2021-11-11 04:39:23 +0000

ActionController::RoutingError (uninitialized constant SessioinsController):
  activesupport (4.2.10) lib/active_support/inflector/methods.rb:261:in `const_get'
  activesupport (4.2.10) lib/active_support/inflector/methods.rb:261:in `block in constantize'
  activesupport (4.2.10) lib/active_support/inflector/methods.rb:259:in `each'
  activesupport (4.2.10) lib/active_support/inflector/methods.rb:259:in `inject'
  activesupport (4.2.10) lib/active_support/inflector/methods.rb:259:in `constantize'
  actionpack (4.2.10) lib/action_dispatch/routing/route_set.rb:70:in `controller_reference'
  actionpack (4.2.10) lib/action_dispatch/routing/route_set.rb:60:in `controller'
  actionpack (4.2.10) lib/action_dispatch/routing/route_set.rb:39:in `serve'
  actionpack (4.2.10) lib/action_dispatch/journey/router.rb:43:in `block in serve'
  actionpack (4.2.10) lib/action_dispatch/journey/router.rb:30:in `each'
  actionpack (4.2.10) lib/action_dispatch/journey/router.rb:30:in `serve'
  actionpack (4.2.10) lib/action_dispatch/routing/route_set.rb:817:in `call'
  rack (1.6.10) lib/rack/etag.rb:24:in `call'
  rack (1.6.10) lib/rack/conditionalget.rb:25:in `call'
  rack (1.6.10) lib/rack/head.rb:13:in `call'
  actionpack (4.2.10) lib/action_dispatch/middleware/params_parser.rb:27:in `call'
  actionpack (4.2.10) lib/action_dispatch/middleware/flash.rb:260:in `call'
  rack (1.6.10) lib/rack/session/abstract/id.rb:225:in `context'
  rack (1.6.10) lib/rack/session/abstract/id.rb:220:in `call'
  actionpack (4.2.10) lib/action_dispatch/middleware/cookies.rb:560:in `call'
  activerecord (4.2.10) lib/active_record/query_cache.rb:36:in `call'
  activerecord (4.2.10) lib/active_record/connection_adapters/abstract/connection_pool.rb:653:in `call'
  actionpack (4.2.10) lib/action_dispatch/middleware/callbacks.rb:29:in `block in call'
  activesupport (4.2.10) lib/active_support/callbacks.rb:88:in `__run_callbacks__'
  activesupport (4.2.10) lib/active_support/callbacks.rb:778:in `_run_call_callbacks'
  activesupport (4.2.10) lib/active_support/callbacks.rb:81:in `run_callbacks'
  actionpack (4.2.10) lib/action_dispatch/middleware/callbacks.rb:27:in `call'
  actionpack (4.2.10) lib/action_dispatch/middleware/reloader.rb:73:in `call'
  actionpack (4.2.10) lib/action_dispatch/middleware/remote_ip.rb:78:in `call'
  actionpack (4.2.10) lib/action_dispatch/middleware/debug_exceptions.rb:17:in `call'
  actionpack (4.2.10) lib/action_dispatch/middleware/show_exceptions.rb:30:in `call'
  railties (4.2.10) lib/rails/rack/logger.rb:38:in `call_app'
  railties (4.2.10) lib/rails/rack/logger.rb:20:in `block in call'
  activesupport (4.2.10) lib/active_support/tagged_logging.rb:68:in `block in tagged'
  activesupport (4.2.10) lib/active_support/tagged_logging.rb:26:in `tagged'
  activesupport (4.2.10) lib/active_support/tagged_logging.rb:68:in `tagged'
  railties (4.2.10) lib/rails/rack/logger.rb:20:in `call'
  actionpack (4.2.10) lib/action_dispatch/middleware/request_id.rb:21:in `call'
  rack (1.6.10) lib/rack/methodoverride.rb:22:in `call'
  rack (1.6.10) lib/rack/runtime.rb:18:in `call'
  activesupport (4.2.10) lib/active_support/cache/strategy/local_cache_middleware.rb:28:in `call'
  rack (1.6.10) lib/rack/lock.rb:17:in `call'
  actionpack (4.2.10) lib/action_dispatch/middleware/static.rb:120:in `call'
  rack (1.6.10) lib/rack/sendfile.rb:113:in `call'
  railties (4.2.10) lib/rails/engine.rb:518:in `call'
  railties (4.2.10) lib/rails/application.rb:165:in `call'
  rack (1.6.10) lib/rack/lock.rb:17:in `call'
  rack (1.6.10) lib/rack/content_length.rb:15:in `call'
  rack (1.6.10) lib/rack/handler/webrick.rb:88:in `service'
  /home/ec2-user/.rvm/rubies/ruby-2.6.6/lib/ruby/2.6.0/webrick/httpserver.rb:140:in `service'
  /home/ec2-user/.rvm/rubies/ruby-2.6.6/lib/ruby/2.6.0/webrick/httpserver.rb:96:in `run'
  /home/ec2-user/.rvm/rubies/ruby-2.6.6/lib/ruby/2.6.0/webrick/server.rb:307:in `block in start_thread'


  Rendered /home/ec2-user/.rvm/gems/ruby-2.6.6/gems/actionpack-4.2.10/lib/action_dispatch/middleware/templates/rescues/_trace.html.erb (1.3ms)
  Rendered /home/ec2-user/.rvm/gems/ruby-2.6.6/gems/actionpack-4.2.10/lib/action_dispatch/middleware/templates/routes/_route.html.erb (0.7ms)
  Rendered /home/ec2-user/.rvm/gems/ruby-2.6.6/gems/actionpack-4.2.10/lib/action_dispatch/middleware/templates/routes/_table.html.erb (0.8ms)
  Rendered /home/ec2-user/.rvm/gems/ruby-2.6.6/gems/actionpack-4.2.10/lib/action_dispatch/middleware/templates/rescues/_request_and_response.html.erb (0.9ms)
  Rendered /home/ec2-user/.rvm/gems/ruby-2.6.6/gems/actionpack-4.2.10/lib/action_dispatch/middleware/templates/rescues/routing_error.html.erb within rescues/layout (12.2ms)


Started GET "/login" for 50.24.135.66 at 2021-11-11 04:39:48 +0000
Processing by SessionsController#new as HTML
  Rendered sessions/new.html.erb within layouts/application (1.1ms)
  Rendered layouts/_flash.erb (0.1ms)
Completed 200 OK in 31ms (Views: 23.1ms | ActiveRecord: 0.5ms)


Started POST "/login" for 50.24.135.66 at 2021-11-11 04:39:54 +0000
Processing by SessionsController#create as HTML
  Parameters: {"utf8"=>"✓", "authenticity_token"=>"aXM2kjP9yJmGLNsYAuB02EJCYnLQhZQAaqDO1BaZzmXmSDkJdtDIvd9YuLgaOhVjvqVROeTbZpNyWO+C1DUzgQ==", "session"=>{"email"=>"peterwu19881230@gmail.com", "password"=>"[FILTERED]"}, "commit"=>"Log in"}
  [1m[35mUser Load (0.2ms)[0m  SELECT  "users".* FROM "users" WHERE "users"."email" = ? LIMIT 1  [["email", "peterwu19881230@gmail.com"]]
  Rendered sessions/new.html.erb within layouts/application (0.5ms)
  Rendered layouts/_flash.erb (0.0ms)
Completed 200 OK in 15ms (Views: 11.4ms | ActiveRecord: 0.2ms)


Started GET "/login" for 50.24.135.66 at 2021-11-11 04:39:58 +0000
Processing by SessionsController#new as HTML
  Rendered sessions/new.html.erb within layouts/application (0.8ms)
  Rendered layouts/_flash.erb (0.1ms)
Completed 200 OK in 12ms (Views: 11.5ms | ActiveRecord: 0.0ms)


Started GET "/signup" for 50.24.135.66 at 2021-11-11 04:40:00 +0000
Processing by SignupController#new as HTML
  Rendered signup/new.html.erb within layouts/application (1.9ms)
  Rendered layouts/_flash.erb (0.0ms)
Completed 200 OK in 14ms (Views: 14.2ms | ActiveRecord: 0.0ms)


Started POST "/signup" for 50.24.135.66 at 2021-11-11 04:40:22 +0000
Processing by SignupController#create as HTML
  Parameters: {"utf8"=>"✓", "authenticity_token"=>"vNsuCf74TevUlttcTA7qY5rF9y2BV8Q03x2OtySymREz4CGSu9VNz43iuPxU1IvYZiLEZrUJNqfH5a/h5h5k9Q==", "user"=>{"account_name"=>"peterwu", "password"=>"[FILTERED]", "password_confirmation"=>"[FILTERED]", "first_name"=>"Peter", "last_name"=>"Wu", "organization"=>"", "email"=>"peterwu19881230@gmail.com", "phone"=>"6262619305"}, "machine learning"=>"1", "mentee"=>"1", "commit"=>"Submit"}
  [1m[36mUser Exists (0.1ms)[0m  [1mSELECT  1 AS one FROM "users" WHERE "users"."account_name" = 'peterwu' LIMIT 1[0m
  [1m[35mUser Exists (0.1ms)[0m  SELECT  1 AS one FROM "users" WHERE "users"."email" = 'peterwu19881230@gmail.com' LIMIT 1
  [1m[36m (0.0ms)[0m  [1mbegin transaction[0m
  [1m[35mCACHE (0.0ms)[0m  SELECT  1 AS one FROM "users" WHERE "users"."account_name" = 'peterwu' LIMIT 1
  [1m[36mCACHE (0.0ms)[0m  [1mSELECT  1 AS one FROM "users" WHERE "users"."email" = 'peterwu19881230@gmail.com' LIMIT 1[0m
  [1m[35mSQL (0.2ms)[0m  INSERT INTO "users" ("account_name", "password_digest", "first_name", "last_name", "organization", "email", "phone", "created_at", "updated_at") VALUES (?, ?, ?, ?, ?, ?, ?, ?, ?)  [["account_name", "peterwu"], ["password_digest", "$2a$12$te1tpmukc/5iwcimajZ0eO4UYqVQAyuYANPGuLBXbwlooQnGo5IB."], ["first_name", "Peter"], ["last_name", "Wu"], ["organization", ""], ["email", "peterwu19881230@gmail.com"], ["phone", "6262619305"], ["created_at", "2021-11-11 04:40:22.906776"], ["updated_at", "2021-11-11 04:40:22.906776"]]
  [1m[36m (5.3ms)[0m  [1mcommit transaction[0m
Redirected to https://1eb27039ef024b5bac8368a8ec1d6278.vfs.cloud9.us-east-1.amazonaws.com/
Completed 302 Found in 318ms (ActiveRecord: 5.8ms)


Started GET "/" for 50.24.135.66 at 2021-11-11 04:40:22 +0000


Started GET "/announcements" for 50.24.135.66 at 2021-11-11 04:40:23 +0000
Processing by AnnouncementsController#index as HTML
  [1m[35mAnnouncement Load (0.1ms)[0m  SELECT "announcements".* FROM "announcements" WHERE "announcements"."rating" IN ('G', 'PG', 'PG-13', 'NC-17', 'R')
  Rendered announcements/index.html.erb within layouts/application (4.3ms)
  Rendered layouts/_flash.erb (0.0ms)
Completed 200 OK in 17ms (Views: 15.0ms | ActiveRecord: 0.3ms)


Started GET "/login" for 50.24.135.66 at 2021-11-11 04:40:26 +0000
Processing by SessionsController#new as HTML
  Rendered sessions/new.html.erb within layouts/application (0.9ms)
  Rendered layouts/_flash.erb (0.1ms)
Completed 200 OK in 25ms (Views: 24.9ms | ActiveRecord: 0.0ms)


Started POST "/login" for 50.24.135.66 at 2021-11-11 04:40:30 +0000
Processing by SessionsController#create as HTML
  Parameters: {"utf8"=>"✓", "authenticity_token"=>"eFvXz5LLI0XklCK+3NXRV14ht9vqPrwtncSUqr4zNiP3YNhU1+YjYb3gQR7ED7DsosaEkN5gTr6FPLX8fJ/Lxw==", "session"=>{"email"=>"peterwu19881230@gmail.com", "password"=>"[FILTERED]"}, "commit"=>"Log in"}
  [1m[36mUser Load (0.1ms)[0m  [1mSELECT  "users".* FROM "users" WHERE "users"."email" = ? LIMIT 1[0m  [["email", "peterwu19881230@gmail.com"]]
Redirected to https://1eb27039ef024b5bac8368a8ec1d6278.vfs.cloud9.us-east-1.amazonaws.com/
Completed 302 Found in 296ms (ActiveRecord: 0.1ms)


Started GET "/" for 50.24.135.66 at 2021-11-11 04:40:31 +0000


Started GET "/announcements" for 50.24.135.66 at 2021-11-11 04:40:31 +0000
Processing by AnnouncementsController#index as HTML
  [1m[35mAnnouncement Load (0.2ms)[0m  SELECT "announcements".* FROM "announcements" WHERE "announcements"."rating" IN ('G', 'PG', 'PG-13', 'NC-17', 'R')
  Rendered announcements/index.html.erb within layouts/application (3.2ms)
  Rendered layouts/_flash.erb (0.0ms)
Completed 200 OK in 14ms (Views: 13.7ms | ActiveRecord: 0.2ms)


Started GET "/" for 50.24.135.66 at 2021-11-11 04:54:22 +0000


Started GET "/announcements" for 50.24.135.66 at 2021-11-11 04:54:22 +0000
Processing by AnnouncementsController#index as HTML
  [1m[36mAnnouncement Load (0.1ms)[0m  [1mSELECT "announcements".* FROM "announcements" WHERE "announcements"."rating" IN ('G', 'PG', 'PG-13', 'NC-17', 'R')[0m
  Rendered announcements/index.html.erb within layouts/application (15.0ms)
  Rendered layouts/_flash.erb (0.3ms)
Completed 200 OK in 195ms (Views: 170.5ms | ActiveRecord: 1.4ms)


Started GET "/login" for 50.24.135.66 at 2021-11-11 04:54:25 +0000
Processing by SessionsController#new as HTML
  Rendered sessions/new.html.erb within layouts/application (3.6ms)
  Rendered layouts/_flash.erb (0.1ms)
Completed 200 OK in 33ms (Views: 19.2ms | ActiveRecord: 0.3ms)


Started GET "/signup" for 50.24.135.66 at 2021-11-11 04:54:27 +0000
Processing by SignupController#new as HTML
  Rendered signup/new.html.erb within layouts/application (2.7ms)
  Rendered layouts/_flash.erb (0.0ms)
Completed 200 OK in 36ms (Views: 35.7ms | ActiveRecord: 0.0ms)


Started GET "/login" for 50.24.135.66 at 2021-11-11 04:54:33 +0000
Processing by SessionsController#new as HTML
  Rendered sessions/new.html.erb within layouts/application (2.0ms)
  Rendered layouts/_flash.erb (0.1ms)
Completed 200 OK in 27ms (Views: 26.7ms | ActiveRecord: 0.0ms)


Started POST "/login" for 50.24.135.66 at 2021-11-11 04:54:36 +0000
Processing by SessionsController#create as HTML
  Parameters: {"utf8"=>"✓", "authenticity_token"=>"THV9ZDiuGLCoZtuFLeG1ZS/XYnfBpCGyJC/1l64kwFrDTnL/fYMYlPESuCU1O9Te0zBRPPX60yE819TBbIg9vg==", "session"=>{"email"=>"peterwu19881230@gmail.com", "password"=>"[FILTERED]"}, "commit"=>"Log in"}
  [1m[35mUser Load (0.2ms)[0m  SELECT  "users".* FROM "users" WHERE "users"."email" = ? LIMIT 1  [["email", "peterwu19881230@gmail.com"]]
Redirected to https://1eb27039ef024b5bac8368a8ec1d6278.vfs.cloud9.us-east-1.amazonaws.com/
Completed 302 Found in 304ms (ActiveRecord: 0.2ms)


Started GET "/" for 50.24.135.66 at 2021-11-11 04:54:36 +0000


Started GET "/announcements" for 50.24.135.66 at 2021-11-11 04:54:36 +0000
Processing by AnnouncementsController#index as HTML
  [1m[36mAnnouncement Load (0.6ms)[0m  [1mSELECT "announcements".* FROM "announcements" WHERE "announcements"."rating" IN ('G', 'PG', 'PG-13', 'NC-17', 'R')[0m
  Rendered announcements/index.html.erb within layouts/application (2.7ms)
  Rendered layouts/_flash.erb (0.0ms)
Completed 200 OK in 28ms (Views: 26.5ms | ActiveRecord: 0.6ms)
